Flow report for sinwave50
Thu Jul 11 20:11:19 2019
Quartus II Version 11.0 Build 157 04/27/2011 SJ Full Version


---------------------
; Table of Contents ;
---------------------
  1. Legal Notice
  2. Flow Summary
  3. Flow Settings
  4. Flow Non-Default Global Settings
  5. Flow Elapsed Time
  6. Flow OS Summary
  7. Flow Log



----------------
; Legal Notice ;
----------------
Copyright (C) 1991-2011 Altera Corporation
Your use of Altera Corporation's design tools, logic functions 
and other software and tools, and its AMPP partner logic 
functions, and any output files from any of the foregoing 
(including device programming or simulation files), and any 
associated documentation or information are expressly subject 
to the terms and conditions of the Altera Program License 
Subscription Agreement, Altera MegaCore Function License 
Agreement, or other applicable license agreement, including, 
without limitation, that your use is for the sole purpose of 
programming logic devices manufactured by Altera and sold by 
Altera or its authorized distributors.  Please refer to the 
applicable agreement for further details.



+-------------------------------------------------------------------+
; Flow Summary                                                      ;
+-----------------------+-------------------------------------------+
; Flow Status           ; Successful - Thu Jul 11 20:11:19 2019     ;
; Quartus II Version    ; 11.0 Build 157 04/27/2011 SJ Full Version ;
; Revision Name         ; sinwave50                                 ;
; Top-level Entity Name ; sinwave50                                 ;
; Family                ; MAX7000S                                  ;
; Device                ; EPM7128SLC84-10                           ;
; Timing Models         ; Final                                     ;
; Total macrocells      ; 59 / 128 ( 46 % )                         ;
; Total pins            ; 49 / 68 ( 72 % )                          ;
+-----------------------+-------------------------------------------+


+-----------------------------------------+
; Flow Settings                           ;
+-------------------+---------------------+
; Option            ; Setting             ;
+-------------------+---------------------+
; Start date & time ; 07/11/2019 20:11:11 ;
; Main task         ; Compilation         ;
; Revision Name     ; sinwave50           ;
+-------------------+---------------------+


+--------------------------------------------------------------------------------------------------------------+
; Flow Non-Default Global Settings                                                                             ;
+------------------------+------------------------------------------+---------------+-------------+------------+
; Assignment Name        ; Value                                    ; Default Value ; Entity Name ; Section Id ;
+------------------------+------------------------------------------+---------------+-------------+------------+
; COMPILER_SIGNATURE_ID  ; 113780617491.156284707163740             ; --            ; --          ; --         ;
; MAX_CORE_JUNCTION_TEMP ; 85                                       ; --            ; --          ; --         ;
; MIN_CORE_JUNCTION_TEMP ; 0                                        ; --            ; --          ; --         ;
; MISC_FILE              ; D:/WORK2019/FPGA/sinwave50/sinwave50.dpf ; --            ; --          ; --         ;
+------------------------+------------------------------------------+---------------+-------------+------------+


+-------------------------------------------------------------------------------------------------------------------------------+
; Flow Elapsed Time                                                                                                             ;
+---------------------------+--------------+-------------------------+---------------------+------------------------------------+
; Module Name               ; Elapsed Time ; Average Processors Used ; Peak Virtual Memory ; Total CPU Time (on all processors) ;
+---------------------------+--------------+-------------------------+---------------------+------------------------------------+
; Analysis & Synthesis      ; 00:00:04     ; 1.0                     ; 259 MB              ; 00:00:04                           ;
; Fitter                    ; 00:00:01     ; 1.0                     ; 230 MB              ; 00:00:01                           ;
; Assembler                 ; 00:00:01     ; 1.0                     ; 230 MB              ; 00:00:01                           ;
; TimeQuest Timing Analyzer ; 00:00:01     ; 1.0                     ; 227 MB              ; 00:00:01                           ;
; Total                     ; 00:00:07     ; --                      ; --                  ; 00:00:07                           ;
+---------------------------+--------------+-------------------------+---------------------+------------------------------------+


+----------------------------------------------------------------------------------------+
; Flow OS Summary                                                                        ;
+---------------------------+------------------+-----------+------------+----------------+
; Module Name               ; Machine Hostname ; OS Name   ; OS Version ; Processor type ;
+---------------------------+------------------+-----------+------------+----------------+
; Analysis & Synthesis      ; haisen_work      ; Windows 7 ; 6.1        ; x86_64         ;
; Fitter                    ; haisen_work      ; Windows 7 ; 6.1        ; x86_64         ;
; Assembler                 ; haisen_work      ; Windows 7 ; 6.1        ; x86_64         ;
; TimeQuest Timing Analyzer ; haisen_work      ; Windows 7 ; 6.1        ; x86_64         ;
+---------------------------+------------------+-----------+------------+----------------+


------------
; Flow Log ;
------------
quartus_map --read_settings_files=on --write_settings_files=off sinwave50 -c sinwave50
quartus_fit --read_settings_files=off --write_settings_files=off sinwave50 -c sinwave50
quartus_asm --read_settings_files=off --write_settings_files=off sinwave50 -c sinwave50
quartus_sta sinwave50 -c sinwave50



