Analysis & Synthesis report for sinwave50
Thu Jul 11 20:11:15 2019
Quartus II Version 11.0 Build 157 04/27/2011 SJ Full Version


---------------------
; Table of Contents ;
---------------------
  1. Legal Notice
  2. Analysis & Synthesis Summary
  3. Analysis & Synthesis Settings
  4. Parallel Compilation
  5. Analysis & Synthesis Source Files Read
  6. Analysis & Synthesis Resource Usage Summary
  7. Analysis & Synthesis Resource Utilization by Entity
  8. Registers Removed During Synthesis
  9. Parameter Settings for Inferred Entity Instance: lpm_counter:outA_rtl_0
 10. Parameter Settings for Inferred Entity Instance: lpm_counter:outB_rtl_0
 11. Parameter Settings for Inferred Entity Instance: lpm_add_sub:Add0
 12. Analysis & Synthesis Messages



----------------
; Legal Notice ;
----------------
Copyright (C) 1991-2011 Altera Corporation
Your use of Altera Corporation's design tools, logic functions 
and other software and tools, and its AMPP partner logic 
functions, and any output files from any of the foregoing 
(including device programming or simulation files), and any 
associated documentation or information are expressly subject 
to the terms and conditions of the Altera Program License 
Subscription Agreement, Altera MegaCore Function License 
Agreement, or other applicable license agreement, including, 
without limitation, that your use is for the sole purpose of 
programming logic devices manufactured by Altera and sold by 
Altera or its authorized distributors.  Please refer to the 
applicable agreement for further details.



+-------------------------------------------------------------------------+
; Analysis & Synthesis Summary                                            ;
+-----------------------------+-------------------------------------------+
; Analysis & Synthesis Status ; Successful - Thu Jul 11 20:11:15 2019     ;
; Quartus II Version          ; 11.0 Build 157 04/27/2011 SJ Full Version ;
; Revision Name               ; sinwave50                                 ;
; Top-level Entity Name       ; sinwave50                                 ;
; Family                      ; MAX7000S                                  ;
; Total macrocells            ; 59                                        ;
; Total pins                  ; 45                                        ;
+-----------------------------+-------------------------------------------+


+--------------------------------------------------------------------------------------------------------------+
; Analysis & Synthesis Settings                                                                                ;
+----------------------------------------------------------------------------+-----------------+---------------+
; Option                                                                     ; Setting         ; Default Value ;
+----------------------------------------------------------------------------+-----------------+---------------+
; Device                                                                     ; EPM7128SLC84-10 ;               ;
; Top-level entity name                                                      ; sinwave50       ; sinwave50     ;
; Family name                                                                ; MAX7000S        ; Cyclone IV GX ;
; Use smart compilation                                                      ; Off             ; Off           ;
; Enable parallel Assembler and TimeQuest Timing Analyzer during compilation ; On              ; On            ;
; Enable compact report table                                                ; Off             ; Off           ;
; Create Debugging Nodes for IP Cores                                        ; Off             ; Off           ;
; Preserve fewer node names                                                  ; On              ; On            ;
; Disable OpenCore Plus hardware evaluation                                  ; Off             ; Off           ;
; Verilog Version                                                            ; Verilog_2001    ; Verilog_2001  ;
; VHDL Version                                                               ; VHDL_1993       ; VHDL_1993     ;
; State Machine Processing                                                   ; Auto            ; Auto          ;
; Safe State Machine                                                         ; Off             ; Off           ;
; Extract Verilog State Machines                                             ; On              ; On            ;
; Extract VHDL State Machines                                                ; On              ; On            ;
; Ignore Verilog initial constructs                                          ; Off             ; Off           ;
; Iteration limit for constant Verilog loops                                 ; 5000            ; 5000          ;
; Iteration limit for non-constant Verilog loops                             ; 250             ; 250           ;
; Add Pass-Through Logic to Inferred RAMs                                    ; On              ; On            ;
; Parallel Synthesis                                                         ; On              ; On            ;
; NOT Gate Push-Back                                                         ; On              ; On            ;
; Power-Up Don't Care                                                        ; On              ; On            ;
; Remove Duplicate Registers                                                 ; On              ; On            ;
; Ignore CARRY Buffers                                                       ; Off             ; Off           ;
; Ignore CASCADE Buffers                                                     ; Off             ; Off           ;
; Ignore GLOBAL Buffers                                                      ; Off             ; Off           ;
; Ignore ROW GLOBAL Buffers                                                  ; Off             ; Off           ;
; Ignore LCELL Buffers                                                       ; Auto            ; Auto          ;
; Ignore SOFT Buffers                                                        ; Off             ; Off           ;
; Limit AHDL Integers to 32 Bits                                             ; Off             ; Off           ;
; Optimization Technique                                                     ; Speed           ; Speed         ;
; Allow XOR Gate Usage                                                       ; On              ; On            ;
; Auto Logic Cell Insertion                                                  ; On              ; On            ;
; Parallel Expander Chain Length                                             ; 4               ; 4             ;
; Auto Parallel Expanders                                                    ; On              ; On            ;
; Auto Open-Drain Pins                                                       ; On              ; On            ;
; Auto Resource Sharing                                                      ; Off             ; Off           ;
; Maximum Fan-in Per Macrocell                                               ; 100             ; 100           ;
; Use LogicLock Constraints during Resource Balancing                        ; On              ; On            ;
; Ignore translate_off and synthesis_off directives                          ; Off             ; Off           ;
; Report Parameter Settings                                                  ; On              ; On            ;
; Report Source Assignments                                                  ; On              ; On            ;
; Report Connectivity Checks                                                 ; On              ; On            ;
; HDL message level                                                          ; Level2          ; Level2        ;
; Suppress Register Optimization Related Messages                            ; Off             ; Off           ;
; Number of Removed Registers Reported in Synthesis Report                   ; 5000            ; 5000          ;
; Number of Inverted Registers Reported in Synthesis Report                  ; 100             ; 100           ;
; Block Design Naming                                                        ; Auto            ; Auto          ;
; Synthesis Effort                                                           ; Auto            ; Auto          ;
; Shift Register Replacement - Allow Asynchronous Clear Signal               ; On              ; On            ;
; Analysis & Synthesis Message Level                                         ; Medium          ; Medium        ;
; Disable Register Merging Across Hierarchies                                ; Auto            ; Auto          ;
; Synthesis Seed                                                             ; 1               ; 1             ;
+----------------------------------------------------------------------------+-----------------+---------------+


+------------------------------------------+
; Parallel Compilation                     ;
+----------------------------+-------------+
; Processors                 ; Number      ;
+----------------------------+-------------+
; Number detected on machine ; 4           ;
; Maximum allowed            ; 4           ;
;                            ;             ;
; Average used               ; 1.00        ;
; Maximum used               ; 1           ;
;                            ;             ;
; Usage by Processor         ; % Time Used ;
;     1 processor            ; 100.0%      ;
;     2-4 processors         ;   0.0%      ;
+----------------------------+-------------+


+------------------------------------------------------------------------------------------------------------------------------------------------------+
; Analysis & Synthesis Source Files Read                                                                                                               ;
+----------------------------------+-----------------+------------------------+------------------------------------------------------------------------+
; File Name with User-Entered Path ; Used in Netlist ; File Type              ; File Name with Absolute Path                                           ;
+----------------------------------+-----------------+------------------------+------------------------------------------------------------------------+
; sinwave50.v                      ; yes             ; User Verilog HDL File  ; D:/github/50Hz_SinWave/sinwave50/sinwave50.v                           ;
; lpm_counter.tdf                  ; yes             ; Megafunction           ; c:/altera/11.0/quartus/libraries/megafunctions/lpm_counter.tdf         ;
; lpm_constant.inc                 ; yes             ; Megafunction           ; c:/altera/11.0/quartus/libraries/megafunctions/lpm_constant.inc        ;
; lpm_decode.inc                   ; yes             ; Megafunction           ; c:/altera/11.0/quartus/libraries/megafunctions/lpm_decode.inc          ;
; lpm_add_sub.inc                  ; yes             ; Megafunction           ; c:/altera/11.0/quartus/libraries/megafunctions/lpm_add_sub.inc         ;
; cmpconst.inc                     ; yes             ; Megafunction           ; c:/altera/11.0/quartus/libraries/megafunctions/cmpconst.inc            ;
; lpm_compare.inc                  ; yes             ; Megafunction           ; c:/altera/11.0/quartus/libraries/megafunctions/lpm_compare.inc         ;
; lpm_counter.inc                  ; yes             ; Megafunction           ; c:/altera/11.0/quartus/libraries/megafunctions/lpm_counter.inc         ;
; dffeea.inc                       ; yes             ; Megafunction           ; c:/altera/11.0/quartus/libraries/megafunctions/dffeea.inc              ;
; alt_counter_stratix.inc          ; yes             ; Megafunction           ; c:/altera/11.0/quartus/libraries/megafunctions/alt_counter_stratix.inc ;
; aglobal110.inc                   ; yes             ; Megafunction           ; c:/altera/11.0/quartus/libraries/megafunctions/aglobal110.inc          ;
; lpm_add_sub.tdf                  ; yes             ; Megafunction           ; c:/altera/11.0/quartus/libraries/megafunctions/lpm_add_sub.tdf         ;
; addcore.inc                      ; yes             ; Megafunction           ; c:/altera/11.0/quartus/libraries/megafunctions/addcore.inc             ;
; look_add.inc                     ; yes             ; Megafunction           ; c:/altera/11.0/quartus/libraries/megafunctions/look_add.inc            ;
; bypassff.inc                     ; yes             ; Megafunction           ; c:/altera/11.0/quartus/libraries/megafunctions/bypassff.inc            ;
; altshift.inc                     ; yes             ; Megafunction           ; c:/altera/11.0/quartus/libraries/megafunctions/altshift.inc            ;
; alt_stratix_add_sub.inc          ; yes             ; Megafunction           ; c:/altera/11.0/quartus/libraries/megafunctions/alt_stratix_add_sub.inc ;
; addcore.tdf                      ; yes             ; Megafunction           ; c:/altera/11.0/quartus/libraries/megafunctions/addcore.tdf             ;
; a_csnbuffer.inc                  ; yes             ; Megafunction           ; c:/altera/11.0/quartus/libraries/megafunctions/a_csnbuffer.inc         ;
; a_csnbuffer.tdf                  ; yes             ; Megafunction           ; c:/altera/11.0/quartus/libraries/megafunctions/a_csnbuffer.tdf         ;
; look_add.tdf                     ; yes             ; Megafunction           ; c:/altera/11.0/quartus/libraries/megafunctions/look_add.tdf            ;
; altshift.tdf                     ; yes             ; Megafunction           ; c:/altera/11.0/quartus/libraries/megafunctions/altshift.tdf            ;
+----------------------------------+-----------------+------------------------+------------------------------------------------------------------------+


+---------------------------------------------+
; Analysis & Synthesis Resource Usage Summary ;
+----------------------+----------------------+
; Resource             ; Usage                ;
+----------------------+----------------------+
; Logic cells          ; 59                   ;
; Total registers      ; 34                   ;
; I/O pins             ; 45                   ;
; Shareable expanders  ; 5                    ;
; Parallel expanders   ; 9                    ;
; Maximum fan-out node ; clk_out~reg0         ;
; Maximum fan-out      ; 25                   ;
; Total fan-out        ; 488                  ;
; Average fan-out      ; 4.48                 ;
+----------------------+----------------------+


+----------------------------------------------------------------------------------------------------+
; Analysis & Synthesis Resource Utilization by Entity                                                ;
+-----------------------------+------------+------+-----------------------------------+--------------+
; Compilation Hierarchy Node  ; Macrocells ; Pins ; Full Hierarchy Name               ; Library Name ;
+-----------------------------+------------+------+-----------------------------------+--------------+
; |sinwave50                  ; 59         ; 45   ; |sinwave50                        ; work         ;
;    |lpm_counter:outA_rtl_0| ; 16         ; 0    ; |sinwave50|lpm_counter:outA_rtl_0 ; work         ;
;    |lpm_counter:outB_rtl_0| ; 17         ; 0    ; |sinwave50|lpm_counter:outB_rtl_0 ; work         ;
+-----------------------------+------------+------+-----------------------------------+--------------+


+---------------------------------------------------------------------------------+
; Registers Removed During Synthesis                                              ;
+----------------------------------------+----------------------------------------+
; Register name                          ; Reason for Removal                     ;
+----------------------------------------+----------------------------------------+
; b_wr2~reg0                             ; Stuck at GND due to stuck port data_in ;
; b_ile~reg0                             ; Stuck at VCC due to stuck port data_in ;
; b_xfer~reg0                            ; Stuck at GND due to stuck port data_in ;
; b_wr1~reg0                             ; Stuck at GND due to stuck port data_in ;
; b_cs~reg0                              ; Stuck at GND due to stuck port data_in ;
; b_ce~reg0                              ; Stuck at GND due to stuck port data_in ;
; b_oe~reg0                              ; Stuck at GND due to stuck port data_in ;
; a_xfer~reg0                            ; Stuck at GND due to stuck port data_in ;
; a_ile~reg0                             ; Stuck at VCC due to stuck port data_in ;
; a_wr2~reg0                             ; Stuck at GND due to stuck port data_in ;
; a_wr1~reg0                             ; Stuck at GND due to stuck port data_in ;
; a_cs~reg0                              ; Stuck at GND due to stuck port data_in ;
; a_ce~reg0                              ; Stuck at GND due to stuck port data_in ;
; a_oe~reg0                              ; Stuck at GND due to stuck port data_in ;
; lpm_counter:outA_rtl_0|dffs[12]        ; Stuck at GND due to stuck port data_in ;
; lpm_counter:outB_rtl_0|dffs[12]        ; Stuck at GND due to stuck port data_in ;
; Total Number of Removed Registers = 16 ;                                        ;
+----------------------------------------+----------------------------------------+


+-------------------------------------------------------------------------+
; Parameter Settings for Inferred Entity Instance: lpm_counter:outA_rtl_0 ;
+------------------------+-------------------+----------------------------+
; Parameter Name         ; Value             ; Type                       ;
+------------------------+-------------------+----------------------------+
; AUTO_CARRY_CHAINS      ; ON                ; AUTO_CARRY                 ;
; IGNORE_CARRY_BUFFERS   ; OFF               ; IGNORE_CARRY               ;
; AUTO_CASCADE_CHAINS    ; ON                ; AUTO_CASCADE               ;
; IGNORE_CASCADE_BUFFERS ; OFF               ; IGNORE_CASCADE             ;
; LPM_WIDTH              ; 13                ; Untyped                    ;
; LPM_DIRECTION          ; UP                ; Untyped                    ;
; LPM_MODULUS            ; 0                 ; Untyped                    ;
; LPM_AVALUE             ; UNUSED            ; Untyped                    ;
; LPM_SVALUE             ; UNUSED            ; Untyped                    ;
; LPM_PORT_UPDOWN        ; PORT_CONNECTIVITY ; Untyped                    ;
; DEVICE_FAMILY          ; MAX7000S          ; Untyped                    ;
; CARRY_CHAIN            ; MANUAL            ; Untyped                    ;
; CARRY_CHAIN_LENGTH     ; 48                ; CARRY_CHAIN_LENGTH         ;
; NOT_GATE_PUSH_BACK     ; ON                ; NOT_GATE_PUSH_BACK         ;
; CARRY_CNT_EN           ; SMART             ; Untyped                    ;
; LABWIDE_SCLR           ; ON                ; Untyped                    ;
; USE_NEW_VERSION        ; TRUE              ; Untyped                    ;
; CBXI_PARAMETER         ; NOTHING           ; Untyped                    ;
+------------------------+-------------------+----------------------------+
Note: In order to hide this table in the UI and the text report file, please set the "Show Parameter Settings in Synthesis Report" option in "Analysis and Synthesis Settings -> More Settings" to "Off".


+-------------------------------------------------------------------------+
; Parameter Settings for Inferred Entity Instance: lpm_counter:outB_rtl_0 ;
+------------------------+-------------------+----------------------------+
; Parameter Name         ; Value             ; Type                       ;
+------------------------+-------------------+----------------------------+
; AUTO_CARRY_CHAINS      ; ON                ; AUTO_CARRY                 ;
; IGNORE_CARRY_BUFFERS   ; OFF               ; IGNORE_CARRY               ;
; AUTO_CASCADE_CHAINS    ; ON                ; AUTO_CASCADE               ;
; IGNORE_CASCADE_BUFFERS ; OFF               ; IGNORE_CASCADE             ;
; LPM_WIDTH              ; 13                ; Untyped                    ;
; LPM_DIRECTION          ; UP                ; Untyped                    ;
; LPM_MODULUS            ; 0                 ; Untyped                    ;
; LPM_AVALUE             ; UNUSED            ; Untyped                    ;
; LPM_SVALUE             ; UNUSED            ; Untyped                    ;
; LPM_PORT_UPDOWN        ; PORT_CONNECTIVITY ; Untyped                    ;
; DEVICE_FAMILY          ; MAX7000S          ; Untyped                    ;
; CARRY_CHAIN            ; MANUAL            ; Untyped                    ;
; CARRY_CHAIN_LENGTH     ; 48                ; CARRY_CHAIN_LENGTH         ;
; NOT_GATE_PUSH_BACK     ; ON                ; NOT_GATE_PUSH_BACK         ;
; CARRY_CNT_EN           ; SMART             ; Untyped                    ;
; LABWIDE_SCLR           ; ON                ; Untyped                    ;
; USE_NEW_VERSION        ; TRUE              ; Untyped                    ;
; CBXI_PARAMETER         ; NOTHING           ; Untyped                    ;
+------------------------+-------------------+----------------------------+
Note: In order to hide this table in the UI and the text report file, please set the "Show Parameter Settings in Synthesis Report" option in "Analysis and Synthesis Settings -> More Settings" to "Off".


+-------------------------------------------------------------------+
; Parameter Settings for Inferred Entity Instance: lpm_add_sub:Add0 ;
+------------------------+-------------+----------------------------+
; Parameter Name         ; Value       ; Type                       ;
+------------------------+-------------+----------------------------+
; LPM_WIDTH              ; 9           ; Untyped                    ;
; LPM_REPRESENTATION     ; UNSIGNED    ; Untyped                    ;
; LPM_DIRECTION          ; ADD         ; Untyped                    ;
; ONE_INPUT_IS_CONSTANT  ; YES         ; Untyped                    ;
; LPM_PIPELINE           ; 0           ; Untyped                    ;
; MAXIMIZE_SPEED         ; 5           ; Untyped                    ;
; REGISTERED_AT_END      ; 0           ; Untyped                    ;
; OPTIMIZE_FOR_SPEED     ; 5           ; Untyped                    ;
; USE_CS_BUFFERS         ; 1           ; Untyped                    ;
; CARRY_CHAIN            ; MANUAL      ; Untyped                    ;
; CARRY_CHAIN_LENGTH     ; 48          ; CARRY_CHAIN_LENGTH         ;
; DEVICE_FAMILY          ; MAX7000S    ; Untyped                    ;
; USE_WYS                ; OFF         ; Untyped                    ;
; STYLE                  ; FAST        ; Untyped                    ;
; CBXI_PARAMETER         ; add_sub_snh ; Untyped                    ;
; AUTO_CARRY_CHAINS      ; ON          ; AUTO_CARRY                 ;
; IGNORE_CARRY_BUFFERS   ; OFF         ; IGNORE_CARRY               ;
; AUTO_CASCADE_CHAINS    ; ON          ; AUTO_CASCADE               ;
; IGNORE_CASCADE_BUFFERS ; OFF         ; IGNORE_CASCADE             ;
+------------------------+-------------+----------------------------+
Note: In order to hide this table in the UI and the text report file, please set the "Show Parameter Settings in Synthesis Report" option in "Analysis and Synthesis Settings -> More Settings" to "Off".


+-------------------------------+
; Analysis & Synthesis Messages ;
+-------------------------------+
Info: *******************************************************************
Info: Running Quartus II Analysis & Synthesis
    Info: Version 11.0 Build 157 04/27/2011 SJ Full Version
    Info: Processing started: Thu Jul 11 20:11:11 2019
Info: Command: quartus_map --read_settings_files=on --write_settings_files=off sinwave50 -c sinwave50
Info: Parallel compilation is enabled and will use 4 of the 4 processors detected
Info: Found 1 design units, including 1 entities, in source file sinwave50.v
    Info: Found entity 1: sinwave50
Info: Elaborating entity "sinwave50" for the top level hierarchy
Warning (10230): Verilog HDL assignment warning at sinwave50.v(58): truncated value with size 32 to match size of target (9)
Warning (10230): Verilog HDL assignment warning at sinwave50.v(76): truncated value with size 32 to match size of target (13)
Warning (10230): Verilog HDL assignment warning at sinwave50.v(91): truncated value with size 32 to match size of target (13)
Info: Inferred 2 megafunctions from design logic
    Info: Inferred lpm_counter megafunction (LPM_WIDTH=13) from the following logic: "outA_rtl_0"
    Info: Inferred lpm_counter megafunction (LPM_WIDTH=13) from the following logic: "outB_rtl_0"
Info: Inferred 1 megafunctions from design logic
    Info: Inferred adder/subtractor megafunction ("lpm_add_sub") from the following logic: "Add0"
Info: Elaborated megafunction instantiation "lpm_counter:outA_rtl_0"
Info: Instantiated megafunction "lpm_counter:outA_rtl_0" with the following parameter:
    Info: Parameter "LPM_WIDTH" = "13"
    Info: Parameter "LPM_DIRECTION" = "UP"
    Info: Parameter "LPM_TYPE" = "LPM_COUNTER"
Info: Elaborated megafunction instantiation "lpm_add_sub:Add0"
Info: Instantiated megafunction "lpm_add_sub:Add0" with the following parameter:
    Info: Parameter "LPM_WIDTH" = "9"
    Info: Parameter "LPM_DIRECTION" = "ADD"
    Info: Parameter "LPM_REPRESENTATION" = "UNSIGNED"
    Info: Parameter "ONE_INPUT_IS_CONSTANT" = "YES"
Info: Elaborated megafunction instantiation "lpm_add_sub:Add0|addcore:adder[1]", which is child of megafunction instantiation "lpm_add_sub:Add0"
Info: Elaborated megafunction instantiation "lpm_add_sub:Add0|addcore:adder[1]|a_csnbuffer:oflow_node", which is child of megafunction instantiation "lpm_add_sub:Add0"
Info: Elaborated megafunction instantiation "lpm_add_sub:Add0|addcore:adder[1]|a_csnbuffer:result_node", which is child of megafunction instantiation "lpm_add_sub:Add0"
Info: Elaborated megafunction instantiation "lpm_add_sub:Add0|addcore:adder[0]", which is child of megafunction instantiation "lpm_add_sub:Add0"
Info: Elaborated megafunction instantiation "lpm_add_sub:Add0|look_add:look_ahead_unit", which is child of megafunction instantiation "lpm_add_sub:Add0"
Info: Elaborated megafunction instantiation "lpm_add_sub:Add0|altshift:result_ext_latency_ffs", which is child of megafunction instantiation "lpm_add_sub:Add0"
Info: Elaborated megafunction instantiation "lpm_add_sub:Add0|altshift:carry_ext_latency_ffs", which is child of megafunction instantiation "lpm_add_sub:Add0"
Info: Ignored 8 buffer(s)
    Info: Ignored 8 SOFT buffer(s)
Warning: Output pins are stuck at VCC or GND
    Warning (13410): Pin "outA[12]" is stuck at GND
    Warning (13410): Pin "a_oe" is stuck at GND
    Warning (13410): Pin "a_ce" is stuck at GND
    Warning (13410): Pin "a_cs" is stuck at GND
    Warning (13410): Pin "a_wr1" is stuck at GND
    Warning (13410): Pin "a_wr2" is stuck at GND
    Warning (13410): Pin "a_ile" is stuck at VCC
    Warning (13410): Pin "a_xfer" is stuck at GND
    Warning (13410): Pin "outB[12]" is stuck at GND
    Warning (13410): Pin "b_oe" is stuck at GND
    Warning (13410): Pin "b_ce" is stuck at GND
    Warning (13410): Pin "b_cs" is stuck at GND
    Warning (13410): Pin "b_wr1" is stuck at GND
    Warning (13410): Pin "b_wr2" is stuck at GND
    Warning (13410): Pin "b_ile" is stuck at VCC
    Warning (13410): Pin "b_xfer" is stuck at GND
Info: Promoted pin-driven signal(s) to global signal
    Info: Promoted clock signal driven by pin "clk" to global clock signal
Warning: Design contains 3 input pin(s) that do not drive logic
    Warning (15610): No output dependent on input pin "reset"
    Warning (15610): No output dependent on input pin "set60"
    Warning (15610): No output dependent on input pin "set150"
Info: Implemented 109 device resources after synthesis - the final resource count might be different
    Info: Implemented 4 input pins
    Info: Implemented 41 output pins
    Info: Implemented 59 macrocells
    Info: Implemented 5 shareable expanders
Info: Quartus II Analysis & Synthesis was successful. 0 errors, 24 warnings
    Info: Peak virtual memory: 259 megabytes
    Info: Processing ended: Thu Jul 11 20:11:15 2019
    Info: Elapsed time: 00:00:04
    Info: Total CPU time (on all processors): 00:00:04


